<?xml version="1.0" encoding="UTF-8"?>
<testsuite name="com.bridgelabz.userregistration.UserRegistrationTest" tests="1" skipped="0" failures="0" errors="0" timestamp="2021-09-02T04:12:19" hostname="DESKTOP-U9C0SBN" time="0.004">
  <properties/>
  <testcase name="password_ValidationWill_ReturnFalse_IfNotContainsSmallLetter" classname="com.bridgelabz.userregistration.UserRegistrationTest" time="0.004"/>
  <system-out><![CDATA[]]></system-out>
  <system-err><![CDATA[]]></system-err>
</testsuite>
